build/app/intermediates/manifest_merge_blame_file/debug/manifest-merger-blame-debug-report.txt
1<?xml version="1.0" encoding="utf-8"?>
2<manifest xmlns:android="http://schemas.android.com/apk/res/android"
3    package="com.heyflutter.asanYab"
4    android:versionCode="30"
5    android:versionName="1.0.9" >
6
7    <uses-sdk
8        android:minSdkVersion="21"
9        android:targetSdkVersion="33" />
10    <!--
11         The INTERNET permission is required for development. Specifically,
12         the Flutter tool needs it to communicate with the running application
13         to allow setting breakpoints, to provide hot reload, etc.
14    -->
15    <uses-permission android:name="android.permission.INTERNET" />
15-->src\main\AndroidManifest.xml:3:5-67
15-->src\main\AndroidManifest.xml:3:22-64
16    <uses-permission android:name="android.permission.ACCESS_NETWORK_STATE" />
16-->src\main\AndroidManifest.xml:4:5-79
16-->src\main\AndroidManifest.xml:4:22-76
17    <uses-permission android:name="android.permission.ACCESS_FOREGROUND_LOCATION" />
17-->src\main\AndroidManifest.xml:5:5-84
17-->src\main\AndroidManifest.xml:5:22-82
18    <uses-permission android:name="android.permission.WAKE_LOCK" /> <!-- Permissions options for the `notification` group -->
18-->[:firebase_messaging] AndroidManifest.xml:10:5-68
18-->[:firebase_messaging] AndroidManifest.xml:10:22-65
19    <uses-permission android:name="android.permission.POST_NOTIFICATIONS" />
19-->[:firebase_messaging] AndroidManifest.xml:13:5-77
19-->[:firebase_messaging] AndroidManifest.xml:13:22-74
20    <uses-permission android:name="android.permission.WRITE_EXTERNAL_STORAGE" />
21    <uses-permission android:name="android.permission.READ_PHONE_STATE" />
22    <uses-permission
23        android:name="android.permission.READ_EXTERNAL_STORAGE"
24        android:maxSdkVersion="32" />
24-->[:file_picker] AndroidManifest.xml:11:9-35
25    <uses-permission android:name="android.permission.VIBRATE" />
25-->[:flutter_local_notifications] AndroidManifest.xml:9:5-66
25-->[:flutter_local_notifications] AndroidManifest.xml:9:22-63
26
27    <queries>
27-->[:file_picker] AndroidManifest.xml:13:5-19:15
28        <intent>
28-->[:file_picker] AndroidManifest.xml:14:9-18:18
29            <action android:name="android.intent.action.GET_CONTENT" />
29-->[:file_picker] AndroidManifest.xml:15:13-72
29-->[:file_picker] AndroidManifest.xml:15:21-69
30
31            <data android:mimeType="*/*" />
31-->[:file_picker] AndroidManifest.xml:17:13-44
31-->[:file_picker] AndroidManifest.xml:17:19-41
32        </intent>
33        <!-- Needs to be explicitly declared on Android R+ -->
34        <package android:name="com.google.android.apps.maps" />
34-->[com.google.android.gms:play-services-maps:18.2.0] AndroidManifest.xml:33:9-64
34-->[com.google.android.gms:play-services-maps:18.2.0] AndroidManifest.xml:33:18-61
35    </queries>
36
37    <uses-permission android:name="android.permission.CALL_PHONE" />
37-->[:flutter_phone_direct_caller] AndroidManifest.xml:9:5-69
37-->[:flutter_phone_direct_caller] AndroidManifest.xml:9:22-66
38
39    <uses-feature
39-->[:flutter_phone_direct_caller] AndroidManifest.xml:11:5-13:36
40        android:name="android.hardware.telephony"
40-->[:flutter_phone_direct_caller] AndroidManifest.xml:12:9-50
41        android:required="false" />
41-->[:flutter_phone_direct_caller] AndroidManifest.xml:13:9-33
42
43    <uses-permission android:name="android.permission.BROADCAST_CLOSE_SYSTEM_DIALOGS" />
43-->[:awesome_notifications] AndroidManifest.xml:10:5-89
43-->[:awesome_notifications] AndroidManifest.xml:10:22-86
44    <uses-permission android:name="android.permission.RECEIVE_BOOT_COMPLETED" />
44-->[:awesome_notifications] AndroidManifest.xml:11:5-81
44-->[:awesome_notifications] AndroidManifest.xml:11:22-78
45    <uses-permission android:name="android.permission.ACCESS_COARSE_LOCATION" />
45-->[:location] AndroidManifest.xml:9:5-81
45-->[:location] AndroidManifest.xml:9:22-78
46    <uses-permission android:name="android.permission.ACCESS_FINE_LOCATION" />
46-->[:location] AndroidManifest.xml:10:5-79
46-->[:location] AndroidManifest.xml:10:22-76
47    <uses-permission
47-->[me.carda:AndroidAwnCore:0.8.3] AndroidManifest.xml:10:5-12:38
48        android:name="android.permission.BIND_NOTIFICATION_LISTENER_SERVICE"
48-->[me.carda:AndroidAwnCore:0.8.3] AndroidManifest.xml:11:9-77
49        android:maxSdkVersion="22" /> <!-- Required by older versions of Google Play services to create IID tokens -->
49-->[me.carda:AndroidAwnCore:0.8.3] AndroidManifest.xml:12:9-35
50    <uses-permission android:name="com.google.android.c2dm.permission.RECEIVE" />
50-->[com.google.firebase:firebase-messaging:23.3.1] AndroidManifest.xml:26:5-82
50-->[com.google.firebase:firebase-messaging:23.3.1] AndroidManifest.xml:26:22-79
51    <uses-permission android:name="com.google.android.gms.permission.AD_ID" />
51-->[com.google.android.gms:play-services-measurement-api:21.5.0] AndroidManifest.xml:25:5-79
51-->[com.google.android.gms:play-services-measurement-api:21.5.0] AndroidManifest.xml:25:22-76
52    <uses-permission android:name="android.permission.ACCESS_ADSERVICES_ATTRIBUTION" />
52-->[com.google.android.gms:play-services-measurement-api:21.5.0] AndroidManifest.xml:26:5-88
52-->[com.google.android.gms:play-services-measurement-api:21.5.0] AndroidManifest.xml:26:22-85
53    <uses-permission android:name="android.permission.ACCESS_ADSERVICES_AD_ID" />
53-->[com.google.android.gms:play-services-measurement-api:21.5.0] AndroidManifest.xml:27:5-82
53-->[com.google.android.gms:play-services-measurement-api:21.5.0] AndroidManifest.xml:27:22-79
54    <uses-permission android:name="com.google.android.finsky.permission.BIND_GET_INSTALL_REFERRER_SERVICE" />
54-->[com.google.android.gms:play-services-measurement:21.5.0] AndroidManifest.xml:26:5-110
54-->[com.google.android.gms:play-services-measurement:21.5.0] AndroidManifest.xml:26:22-107
55
56    <uses-feature
56-->[com.google.android.gms:play-services-maps:18.2.0] AndroidManifest.xml:26:5-28:35
57        android:glEsVersion="0x00020000"
57-->[com.google.android.gms:play-services-maps:18.2.0] AndroidManifest.xml:27:9-41
58        android:required="true" />
58-->[com.google.android.gms:play-services-maps:18.2.0] AndroidManifest.xml:28:9-32
59
60    <permission
60-->[androidx.core:core:1.10.1] AndroidManifest.xml:22:5-24:47
61        android:name="com.heyflutter.asanYab.DYNAMIC_RECEIVER_NOT_EXPORTED_PERMISSION"
61-->[androidx.core:core:1.10.1] AndroidManifest.xml:23:9-81
62        android:protectionLevel="signature" />
62-->[androidx.core:core:1.10.1] AndroidManifest.xml:24:9-44
63
64    <uses-permission android:name="com.heyflutter.asanYab.DYNAMIC_RECEIVER_NOT_EXPORTED_PERMISSION" /> <!-- for android -->
64-->[androidx.core:core:1.10.1] AndroidManifest.xml:26:5-97
64-->[androidx.core:core:1.10.1] AndroidManifest.xml:26:22-94
65    <!-- <uses-permission android:name="com.android.launcher.permission.READ_SETTINGS"/> -->
66    <!-- <uses-permission android:name="com.android.launcher.permission.WRITE_SETTINGS"/> -->
67    <!-- <uses-permission android:name="com.android.launcher.permission.INSTALL_SHORTCUT" /> -->
68    <!-- <uses-permission android:name="com.android.launcher.permission.UNINSTALL_SHORTCUT" /> -->
69    <!-- for Samsung -->
70    <uses-permission android:name="com.sec.android.provider.badge.permission.READ" />
70-->[me.leolin:ShortcutBadger:1.1.22] AndroidManifest.xml:19:5-86
70-->[me.leolin:ShortcutBadger:1.1.22] AndroidManifest.xml:19:22-83
71    <uses-permission android:name="com.sec.android.provider.badge.permission.WRITE" /> <!-- for htc -->
71-->[me.leolin:ShortcutBadger:1.1.22] AndroidManifest.xml:20:5-87
71-->[me.leolin:ShortcutBadger:1.1.22] AndroidManifest.xml:20:22-84
72    <uses-permission android:name="com.htc.launcher.permission.READ_SETTINGS" />
72-->[me.leolin:ShortcutBadger:1.1.22] AndroidManifest.xml:23:5-81
72-->[me.leolin:ShortcutBadger:1.1.22] AndroidManifest.xml:23:22-78
73    <uses-permission android:name="com.htc.launcher.permission.UPDATE_SHORTCUT" /> <!-- for sony -->
73-->[me.leolin:ShortcutBadger:1.1.22] AndroidManifest.xml:24:5-83
73-->[me.leolin:ShortcutBadger:1.1.22] AndroidManifest.xml:24:22-80
74    <uses-permission android:name="com.sonyericsson.home.permission.BROADCAST_BADGE" />
74-->[me.leolin:ShortcutBadger:1.1.22] AndroidManifest.xml:27:5-88
74-->[me.leolin:ShortcutBadger:1.1.22] AndroidManifest.xml:27:22-85
75    <uses-permission android:name="com.sonymobile.home.permission.PROVIDER_INSERT_BADGE" /> <!-- for apex -->
75-->[me.leolin:ShortcutBadger:1.1.22] AndroidManifest.xml:28:5-92
75-->[me.leolin:ShortcutBadger:1.1.22] AndroidManifest.xml:28:22-89
76    <uses-permission android:name="com.anddoes.launcher.permission.UPDATE_COUNT" /> <!-- for solid -->
76-->[me.leolin:ShortcutBadger:1.1.22] AndroidManifest.xml:31:5-84
76-->[me.leolin:ShortcutBadger:1.1.22] AndroidManifest.xml:31:22-81
77    <uses-permission android:name="com.majeur.launcher.permission.UPDATE_BADGE" /> <!-- for huawei -->
77-->[me.leolin:ShortcutBadger:1.1.22] AndroidManifest.xml:34:5-83
77-->[me.leolin:ShortcutBadger:1.1.22] AndroidManifest.xml:34:22-80
78    <uses-permission android:name="com.huawei.android.launcher.permission.CHANGE_BADGE" />
78-->[me.leolin:ShortcutBadger:1.1.22] AndroidManifest.xml:37:5-91
78-->[me.leolin:ShortcutBadger:1.1.22] AndroidManifest.xml:37:22-88
79    <uses-permission android:name="com.huawei.android.launcher.permission.READ_SETTINGS" />
79-->[me.leolin:ShortcutBadger:1.1.22] AndroidManifest.xml:38:5-92
79-->[me.leolin:ShortcutBadger:1.1.22] AndroidManifest.xml:38:22-89
80    <uses-permission android:name="com.huawei.android.launcher.permission.WRITE_SETTINGS" /> <!-- for ZUK -->
80-->[me.leolin:ShortcutBadger:1.1.22] AndroidManifest.xml:39:5-93
80-->[me.leolin:ShortcutBadger:1.1.22] AndroidManifest.xml:39:22-90
81    <uses-permission android:name="android.permission.READ_APP_BADGE" /> <!-- for OPPO -->
81-->[me.leolin:ShortcutBadger:1.1.22] AndroidManifest.xml:42:5-73
81-->[me.leolin:ShortcutBadger:1.1.22] AndroidManifest.xml:42:22-70
82    <uses-permission android:name="com.oppo.launcher.permission.READ_SETTINGS" />
82-->[me.leolin:ShortcutBadger:1.1.22] AndroidManifest.xml:45:5-82
82-->[me.leolin:ShortcutBadger:1.1.22] AndroidManifest.xml:45:22-79
83    <uses-permission android:name="com.oppo.launcher.permission.WRITE_SETTINGS" /> <!-- for EvMe -->
83-->[me.leolin:ShortcutBadger:1.1.22] AndroidManifest.xml:46:5-83
83-->[me.leolin:ShortcutBadger:1.1.22] AndroidManifest.xml:46:22-80
84    <uses-permission android:name="me.everything.badger.permission.BADGE_COUNT_READ" />
84-->[me.leolin:ShortcutBadger:1.1.22] AndroidManifest.xml:49:5-88
84-->[me.leolin:ShortcutBadger:1.1.22] AndroidManifest.xml:49:22-85
85    <uses-permission android:name="me.everything.badger.permission.BADGE_COUNT_WRITE" />
85-->[me.leolin:ShortcutBadger:1.1.22] AndroidManifest.xml:50:5-89
85-->[me.leolin:ShortcutBadger:1.1.22] AndroidManifest.xml:50:22-86
86
87    <application
88        android:name="android.app.Application"
89        android:appComponentFactory="androidx.core.app.CoreComponentFactory"
89-->[androidx.core:core:1.10.1] AndroidManifest.xml:28:18-86
90        android:debuggable="true"
91        android:icon="@mipmap/asan_yab"
92        android:label="آسان یاب" >
93        <activity
94            android:name="com.heyflutter.asanYab.MainActivity"
95            android:configChanges="orientation|keyboardHidden|keyboard|screenSize|smallestScreenSize|locale|layoutDirection|fontScale|screenLayout|density|uiMode"
96            android:exported="true"
97            android:hardwareAccelerated="true"
98            android:launchMode="singleTop"
99            android:theme="@style/LaunchTheme"
100            android:windowSoftInputMode="adjustResize" >
101
102            <!--
103                 Specifies an Android theme to apply to this Activity as soon as
104                 the Android process has started. This theme is visible to the user
105                 while the Flutter UI initializes. After that, this theme continues
106                 to determine the Window background behind the Flutter UI.
107            -->
108            <meta-data
109                android:name="io.flutter.embedding.android.NormalTheme"
110                android:resource="@style/NormalTheme" />
111
112            <intent-filter>
113                <action android:name="android.intent.action.MAIN" />
114
115                <category android:name="android.intent.category.LAUNCHER" />
116            </intent-filter>
117        </activity>
118        <!--
119             Don't delete the meta-data below.
120             This is used by the Flutter tool to generate GeneratedPluginRegistrant.java
121        -->
122        <meta-data
123            android:name="flutterEmbedding"
124            android:value="2" />
125        <meta-data
126            android:name="com.google.android.geo.API_KEY"
127            android:value="AIzaSyA6blH3zODGI-73Rt3RD7xG-zhiubjTjMs" />
128        <meta-data
129            android:name="firebase_messaging_auto_init_enabled"
130            android:value="false" />
131        <meta-data
132            android:name="firebase_analytics_collection_enabled"
133            android:value="false" />
134
135        <service
135-->[:firebase_messaging] AndroidManifest.xml:16:9-19:72
136            android:name="io.flutter.plugins.firebase.messaging.FlutterFirebaseMessagingBackgroundService"
136-->[:firebase_messaging] AndroidManifest.xml:17:13-107
137            android:exported="false"
137-->[:firebase_messaging] AndroidManifest.xml:18:13-37
138            android:permission="android.permission.BIND_JOB_SERVICE" />
138-->[:firebase_messaging] AndroidManifest.xml:19:13-69
139        <service
139-->[:firebase_messaging] AndroidManifest.xml:20:9-26:19
140            android:name="io.flutter.plugins.firebase.messaging.FlutterFirebaseMessagingService"
140-->[:firebase_messaging] AndroidManifest.xml:21:13-97
141            android:exported="false" >
141-->[:firebase_messaging] AndroidManifest.xml:22:13-37
142            <intent-filter>
142-->[:firebase_messaging] AndroidManifest.xml:23:13-25:29
143                <action android:name="com.google.firebase.MESSAGING_EVENT" />
143-->[:firebase_messaging] AndroidManifest.xml:24:17-78
143-->[:firebase_messaging] AndroidManifest.xml:24:25-75
144            </intent-filter>
145        </service>
146
147        <receiver
147-->[:firebase_messaging] AndroidManifest.xml:28:9-35:20
148            android:name="io.flutter.plugins.firebase.messaging.FlutterFirebaseMessagingReceiver"
148-->[:firebase_messaging] AndroidManifest.xml:29:13-98
149            android:exported="true"
149-->[:firebase_messaging] AndroidManifest.xml:30:13-36
150            android:permission="com.google.android.c2dm.permission.SEND" >
150-->[:firebase_messaging] AndroidManifest.xml:31:13-73
151            <intent-filter>
151-->[:firebase_messaging] AndroidManifest.xml:32:13-34:29
152                <action android:name="com.google.android.c2dm.intent.RECEIVE" />
152-->[:firebase_messaging] AndroidManifest.xml:33:17-81
152-->[:firebase_messaging] AndroidManifest.xml:33:25-78
153            </intent-filter>
154        </receiver>
155
156        <service
156-->[:firebase_messaging] AndroidManifest.xml:37:9-41:19
157            android:name="com.google.firebase.components.ComponentDiscoveryService"
157-->[:firebase_messaging] AndroidManifest.xml:37:18-89
158            android:directBootAware="true"
158-->[com.google.firebase:firebase-common:20.4.2] AndroidManifest.xml:32:13-43
159            android:exported="false" >
159-->[com.google.firebase:firebase-crashlytics:18.6.0] AndroidManifest.xml:14:13-37
160            <meta-data
160-->[:firebase_messaging] AndroidManifest.xml:38:13-40:85
161                android:name="com.google.firebase.components:io.flutter.plugins.firebase.messaging.FlutterFirebaseAppRegistrar"
161-->[:firebase_messaging] AndroidManifest.xml:39:17-128
162                android:value="com.google.firebase.components.ComponentRegistrar" />
162-->[:firebase_messaging] AndroidManifest.xml:40:17-82
163            <meta-data
163-->[:firebase_crashlytics] AndroidManifest.xml:11:13-13:85
164                android:name="com.google.firebase.components:io.flutter.plugins.firebase.crashlytics.FlutterFirebaseAppRegistrar"
164-->[:firebase_crashlytics] AndroidManifest.xml:12:17-130
165                android:value="com.google.firebase.components.ComponentRegistrar" />
165-->[:firebase_crashlytics] AndroidManifest.xml:13:17-82
166            <meta-data
166-->[:cloud_firestore] AndroidManifest.xml:11:13-13:85
167                android:name="com.google.firebase.components:io.flutter.plugins.firebase.firestore.FlutterFirebaseFirestoreRegistrar"
167-->[:cloud_firestore] AndroidManifest.xml:12:17-134
168                android:value="com.google.firebase.components.ComponentRegistrar" />
168-->[:cloud_firestore] AndroidManifest.xml:13:17-82
169            <meta-data
169-->[:cloud_functions] AndroidManifest.xml:11:13-13:85
170                android:name="com.google.firebase.components:io.flutter.plugins.firebase.functions.FlutterFirebaseAppRegistrar"
170-->[:cloud_functions] AndroidManifest.xml:12:17-128
171                android:value="com.google.firebase.components.ComponentRegistrar" />
171-->[:cloud_functions] AndroidManifest.xml:13:17-82
172            <meta-data
172-->[:firebase_analytics] AndroidManifest.xml:15:13-17:85
173                android:name="com.google.firebase.components:io.flutter.plugins.firebase.analytics.FlutterFirebaseAppRegistrar"
173-->[:firebase_analytics] AndroidManifest.xml:16:17-128
174                android:value="com.google.firebase.components.ComponentRegistrar" />
174-->[:firebase_analytics] AndroidManifest.xml:17:17-82
175            <meta-data
175-->[:firebase_auth] AndroidManifest.xml:11:13-13:85
176                android:name="com.google.firebase.components:io.flutter.plugins.firebase.auth.FlutterFirebaseAuthRegistrar"
176-->[:firebase_auth] AndroidManifest.xml:12:17-124
177                android:value="com.google.firebase.components.ComponentRegistrar" />
177-->[:firebase_auth] AndroidManifest.xml:13:17-82
178            <meta-data
178-->[:firebase_storage] AndroidManifest.xml:11:13-13:85
179                android:name="com.google.firebase.components:io.flutter.plugins.firebase.storage.FlutterFirebaseAppRegistrar"
179-->[:firebase_storage] AndroidManifest.xml:12:17-126
180                android:value="com.google.firebase.components.ComponentRegistrar" />
180-->[:firebase_storage] AndroidManifest.xml:13:17-82
181            <meta-data
181-->[:firebase_core] AndroidManifest.xml:11:13-13:85
182                android:name="com.google.firebase.components:io.flutter.plugins.firebase.core.FlutterFirebaseCoreRegistrar"
182-->[:firebase_core] AndroidManifest.xml:12:17-124
183                android:value="com.google.firebase.components.ComponentRegistrar" />
183-->[:firebase_core] AndroidManifest.xml:13:17-82
184            <meta-data
184-->[com.google.firebase:firebase-crashlytics:18.6.0] AndroidManifest.xml:15:13-17:85
185                android:name="com.google.firebase.components:com.google.firebase.crashlytics.FirebaseCrashlyticsKtxRegistrar"
185-->[com.google.firebase:firebase-crashlytics:18.6.0] AndroidManifest.xml:16:17-126
186                android:value="com.google.firebase.components.ComponentRegistrar" />
186-->[com.google.firebase:firebase-crashlytics:18.6.0] AndroidManifest.xml:17:17-82
187            <meta-data
187-->[com.google.firebase:firebase-crashlytics:18.6.0] AndroidManifest.xml:18:13-20:85
188                android:name="com.google.firebase.components:com.google.firebase.crashlytics.CrashlyticsRegistrar"
188-->[com.google.firebase:firebase-crashlytics:18.6.0] AndroidManifest.xml:19:17-115
189                android:value="com.google.firebase.components.ComponentRegistrar" />
189-->[com.google.firebase:firebase-crashlytics:18.6.0] AndroidManifest.xml:20:17-82
190            <meta-data
190-->[com.google.firebase:firebase-functions:20.4.0] AndroidManifest.xml:15:13-17:85
191                android:name="com.google.firebase.components:com.google.firebase.functions.FirebaseFunctionsKtxRegistrar"
191-->[com.google.firebase:firebase-functions:20.4.0] AndroidManifest.xml:16:17-122
192                android:value="com.google.firebase.components.ComponentRegistrar" />
192-->[com.google.firebase:firebase-functions:20.4.0] AndroidManifest.xml:17:17-82
193            <meta-data
193-->[com.google.firebase:firebase-functions:20.4.0] AndroidManifest.xml:18:13-20:85
194                android:name="com.google.firebase.components:com.google.firebase.functions.FunctionsRegistrar"
194-->[com.google.firebase:firebase-functions:20.4.0] AndroidManifest.xml:19:17-111
195                android:value="com.google.firebase.components.ComponentRegistrar" />
195-->[com.google.firebase:firebase-functions:20.4.0] AndroidManifest.xml:20:17-82
196            <meta-data
196-->[com.google.firebase:firebase-auth:22.3.0] AndroidManifest.xml:69:13-71:85
197                android:name="com.google.firebase.components:com.google.firebase.auth.FirebaseAuthRegistrar"
197-->[com.google.firebase:firebase-auth:22.3.0] AndroidManifest.xml:70:17-109
198                android:value="com.google.firebase.components.ComponentRegistrar" />
198-->[com.google.firebase:firebase-auth:22.3.0] AndroidManifest.xml:71:17-82
199            <meta-data
199-->[com.google.firebase:firebase-firestore:24.9.1] AndroidManifest.xml:17:13-19:85
200                android:name="com.google.firebase.components:com.google.firebase.firestore.FirebaseFirestoreKtxRegistrar"
200-->[com.google.firebase:firebase-firestore:24.9.1] AndroidManifest.xml:18:17-122
201                android:value="com.google.firebase.components.ComponentRegistrar" />
201-->[com.google.firebase:firebase-firestore:24.9.1] AndroidManifest.xml:19:17-82
202            <meta-data
202-->[com.google.firebase:firebase-firestore:24.9.1] AndroidManifest.xml:20:13-22:85
203                android:name="com.google.firebase.components:com.google.firebase.firestore.FirestoreRegistrar"
203-->[com.google.firebase:firebase-firestore:24.9.1] AndroidManifest.xml:21:17-111
204                android:value="com.google.firebase.components.ComponentRegistrar" />
204-->[com.google.firebase:firebase-firestore:24.9.1] AndroidManifest.xml:22:17-82
205            <meta-data
205-->[com.google.firebase:firebase-messaging:23.3.1] AndroidManifest.xml:57:13-59:85
206                android:name="com.google.firebase.components:com.google.firebase.messaging.FirebaseMessagingKtxRegistrar"
206-->[com.google.firebase:firebase-messaging:23.3.1] AndroidManifest.xml:58:17-122
207                android:value="com.google.firebase.components.ComponentRegistrar" />
207-->[com.google.firebase:firebase-messaging:23.3.1] AndroidManifest.xml:59:17-82
208            <meta-data
208-->[com.google.firebase:firebase-messaging:23.3.1] AndroidManifest.xml:60:13-62:85
209                android:name="com.google.firebase.components:com.google.firebase.messaging.FirebaseMessagingRegistrar"
209-->[com.google.firebase:firebase-messaging:23.3.1] AndroidManifest.xml:61:17-119
210                android:value="com.google.firebase.components.ComponentRegistrar" />
210-->[com.google.firebase:firebase-messaging:23.3.1] AndroidManifest.xml:62:17-82
211            <meta-data
211-->[com.google.firebase:firebase-storage:20.3.0] AndroidManifest.xml:30:13-32:85
212                android:name="com.google.firebase.components:com.google.firebase.storage.FirebaseStorageKtxRegistrar"
212-->[com.google.firebase:firebase-storage:20.3.0] AndroidManifest.xml:31:17-118
213                android:value="com.google.firebase.components.ComponentRegistrar" />
213-->[com.google.firebase:firebase-storage:20.3.0] AndroidManifest.xml:32:17-82
214            <meta-data
214-->[com.google.firebase:firebase-storage:20.3.0] AndroidManifest.xml:33:13-35:85
215                android:name="com.google.firebase.components:com.google.firebase.storage.StorageRegistrar"
215-->[com.google.firebase:firebase-storage:20.3.0] AndroidManifest.xml:34:17-107
216                android:value="com.google.firebase.components.ComponentRegistrar" />
216-->[com.google.firebase:firebase-storage:20.3.0] AndroidManifest.xml:35:17-82
217            <meta-data
217-->[com.google.firebase:firebase-iid:21.1.0] AndroidManifest.xml:32:13-34:85
218                android:name="com.google.firebase.components:com.google.firebase.iid.Registrar"
218-->[com.google.firebase:firebase-iid:21.1.0] AndroidManifest.xml:33:17-96
219                android:value="com.google.firebase.components.ComponentRegistrar" />
219-->[com.google.firebase:firebase-iid:21.1.0] AndroidManifest.xml:34:17-82
220            <meta-data
220-->[com.google.android.gms:play-services-measurement-api:21.5.0] AndroidManifest.xml:37:13-39:85
221                android:name="com.google.firebase.components:com.google.firebase.analytics.connector.internal.AnalyticsConnectorRegistrar"
221-->[com.google.android.gms:play-services-measurement-api:21.5.0] AndroidManifest.xml:38:17-139
222                android:value="com.google.firebase.components.ComponentRegistrar" />
222-->[com.google.android.gms:play-services-measurement-api:21.5.0] AndroidManifest.xml:39:17-82
223            <meta-data
223-->[com.google.firebase:firebase-sessions:1.2.0] AndroidManifest.xml:29:13-31:85
224                android:name="com.google.firebase.components:com.google.firebase.sessions.FirebaseSessionsRegistrar"
224-->[com.google.firebase:firebase-sessions:1.2.0] AndroidManifest.xml:30:17-117
225                android:value="com.google.firebase.components.ComponentRegistrar" />
225-->[com.google.firebase:firebase-sessions:1.2.0] AndroidManifest.xml:31:17-82
226            <meta-data
226-->[com.google.firebase:firebase-installations:17.2.0] AndroidManifest.xml:15:13-17:85
227                android:name="com.google.firebase.components:com.google.firebase.installations.FirebaseInstallationsKtxRegistrar"
227-->[com.google.firebase:firebase-installations:17.2.0] AndroidManifest.xml:16:17-130
228                android:value="com.google.firebase.components.ComponentRegistrar" />
228-->[com.google.firebase:firebase-installations:17.2.0] AndroidManifest.xml:17:17-82
229            <meta-data
229-->[com.google.firebase:firebase-installations:17.2.0] AndroidManifest.xml:18:13-20:85
230                android:name="com.google.firebase.components:com.google.firebase.installations.FirebaseInstallationsRegistrar"
230-->[com.google.firebase:firebase-installations:17.2.0] AndroidManifest.xml:19:17-127
231                android:value="com.google.firebase.components.ComponentRegistrar" />
231-->[com.google.firebase:firebase-installations:17.2.0] AndroidManifest.xml:20:17-82
232            <meta-data
232-->[com.google.firebase:firebase-appcheck:17.1.1] AndroidManifest.xml:25:13-27:85
233                android:name="com.google.firebase.components:com.google.firebase.appcheck.FirebaseAppCheckKtxRegistrar"
233-->[com.google.firebase:firebase-appcheck:17.1.1] AndroidManifest.xml:26:17-120
234                android:value="com.google.firebase.components.ComponentRegistrar" />
234-->[com.google.firebase:firebase-appcheck:17.1.1] AndroidManifest.xml:27:17-82
235            <meta-data
235-->[com.google.firebase:firebase-appcheck:17.1.1] AndroidManifest.xml:28:13-30:85
236                android:name="com.google.firebase.components:com.google.firebase.appcheck.FirebaseAppCheckRegistrar"
236-->[com.google.firebase:firebase-appcheck:17.1.1] AndroidManifest.xml:29:17-117
237                android:value="com.google.firebase.components.ComponentRegistrar" />
237-->[com.google.firebase:firebase-appcheck:17.1.1] AndroidManifest.xml:30:17-82
238            <meta-data
238-->[com.google.firebase:firebase-common-ktx:20.4.2] AndroidManifest.xml:12:13-14:85
239                android:name="com.google.firebase.components:com.google.firebase.ktx.FirebaseCommonLegacyRegistrar"
239-->[com.google.firebase:firebase-common-ktx:20.4.2] AndroidManifest.xml:13:17-116
240                android:value="com.google.firebase.components.ComponentRegistrar" />
240-->[com.google.firebase:firebase-common-ktx:20.4.2] AndroidManifest.xml:14:17-82
241            <meta-data
241-->[com.google.firebase:firebase-datatransport:18.1.8] AndroidManifest.xml:27:13-29:85
242                android:name="com.google.firebase.components:com.google.firebase.datatransport.TransportRegistrar"
242-->[com.google.firebase:firebase-datatransport:18.1.8] AndroidManifest.xml:28:17-115
243                android:value="com.google.firebase.components.ComponentRegistrar" />
243-->[com.google.firebase:firebase-datatransport:18.1.8] AndroidManifest.xml:29:17-82
244            <meta-data
244-->[com.google.firebase:firebase-common:20.4.2] AndroidManifest.xml:35:13-37:85
245                android:name="com.google.firebase.components:com.google.firebase.FirebaseCommonKtxRegistrar"
245-->[com.google.firebase:firebase-common:20.4.2] AndroidManifest.xml:36:17-109
246                android:value="com.google.firebase.components.ComponentRegistrar" />
246-->[com.google.firebase:firebase-common:20.4.2] AndroidManifest.xml:37:17-82
247        </service>
248
249        <provider
249-->[:firebase_messaging] AndroidManifest.xml:43:9-47:38
250            android:name="io.flutter.plugins.firebase.messaging.FlutterFirebaseMessagingInitProvider"
250-->[:firebase_messaging] AndroidManifest.xml:44:13-102
251            android:authorities="com.heyflutter.asanYab.flutterfirebasemessaginginitprovider"
251-->[:firebase_messaging] AndroidManifest.xml:45:13-88
252            android:exported="false"
252-->[:firebase_messaging] AndroidManifest.xml:46:13-37
253            android:initOrder="99" />
253-->[:firebase_messaging] AndroidManifest.xml:47:13-35
254
255        <service
255-->[:geolocator_android] AndroidManifest.xml:10:9-14:56